[name is empty]
[name is empty]
[name is empty]
[name is empty]
Value cannot be null.
Parameter name: path
[name is empty]
[name is empty]
[name is empty]
[name is empty]
[name is empty]
[name is empty]
[name is empty]
[name is empty]
[name is empty]
[name is empty]
[name is empty]
[name is empty]
[name is empty]
01-Nov-18 16:12:47list is empty
01-Nov-18 16:40:59 list is empty
01-Nov-18 16:56:24 list is empty
01-Nov-18 16:57:12 list is empty
The method or operation is not implemented.09-Nov-18 20:37:23 list is empty
Path cannot be null.
Parameter name: pathPath cannot be null.
Parameter name: path